2023-02-04T11:00:59.394+05:30  INFO 9756 --- [restartedMain] com.extended.AdminMockitoApplication     : Starting AdminMockitoApplication using Java 17.0.5 with PID 9756 (C:\Users\lilly\eclipse-extended-workspace\admin_mockito\target\classes started by lilly in C:\Users\lilly\eclipse-extended-workspace\admin_mockito)
2023-02-04T11:00:59.406+05:30  INFO 9756 --- [restartedMain] com.extended.AdminMockitoApplication     : No active profile set, falling back to 1 default profile: "default"
2023-02-04T11:00:59.479+05:30  INFO 9756 --- [restartedMain] .e.DevToolsPropertyDefaultsPostProcessor : Devtools property defaults active! Set 'spring.devtools.add-properties' to 'false' to disable
2023-02-04T11:00:59.479+05:30  INFO 9756 --- [restartedMain] .e.DevToolsPropertyDefaultsPostProcessor : For additional web related logging consider setting the 'logging.level.web' property to 'DEBUG'
2023-02-04T11:01:00.568+05:30  INFO 9756 --- [restartedMain] .s.d.r.c.RepositoryConfigurationDelegate : Bootstrapping Spring Data JPA repositories in DEFAULT mode.
2023-02-04T11:01:00.597+05:30  INFO 9756 --- [restartedMain] .s.d.r.c.RepositoryConfigurationDelegate : Finished Spring Data repository scanning in 17 ms. Found 0 JPA repository interfaces.
2023-02-04T11:01:01.408+05:30  INFO 9756 --- [restartedMain] o.s.b.w.embedded.tomcat.TomcatWebServer  : Tomcat initialized with port(s): 8081 (http)
2023-02-04T11:01:01.428+05:30  INFO 9756 --- [restartedMain] o.apache.catalina.core.StandardService   : Starting service [Tomcat]
2023-02-04T11:01:01.428+05:30  INFO 9756 --- [restartedMain] o.apache.catalina.core.StandardEngine    : Starting Servlet engine: [Apache Tomcat/10.1.5]
2023-02-04T11:01:01.519+05:30  INFO 9756 --- [restartedMain] o.a.c.c.C.[Tomcat].[localhost].[/]       : Initializing Spring embedded WebApplicationContext
2023-02-04T11:01:01.520+05:30  INFO 9756 --- [restartedMain] w.s.c.ServletWebServerApplicationContext : Root WebApplicationContext: initialization completed in 2038 ms
2023-02-04T11:01:01.739+05:30  INFO 9756 --- [restartedMain] o.hibernate.jpa.internal.util.LogHelper  : HHH000204: Processing PersistenceUnitInfo [name: default]
2023-02-04T11:01:01.860+05:30  INFO 9756 --- [restartedMain] org.hibernate.Version                    : HHH000412: Hibernate ORM core version 6.1.6.Final
2023-02-04T11:01:02.167+05:30  WARN 9756 --- [restartedMain] org.hibernate.orm.deprecation            : HHH90000021: Encountered deprecated setting [javax.persistence.sharedCache.mode], use [jakarta.persistence.sharedCache.mode] instead
2023-02-04T11:01:02.370+05:30  INFO 9756 --- [restartedMain] com.zaxxer.hikari.HikariDataSource       : HikariPool-1 - Starting...
2023-02-04T11:01:02.830+05:30  INFO 9756 --- [restartedMain] com.zaxxer.hikari.pool.HikariPool        : HikariPool-1 - Added connection com.mysql.cj.jdbc.ConnectionImpl@64c783fa
2023-02-04T11:01:02.834+05:30  INFO 9756 --- [restartedMain] com.zaxxer.hikari.HikariDataSource       : HikariPool-1 - Start completed.
2023-02-04T11:01:02.956+05:30  INFO 9756 --- [restartedMain] SQL dialect                              : HHH000400: Using dialect: org.hibernate.dialect.MySQLDialect
2023-02-04T11:01:03.460+05:30  INFO 9756 --- [restartedMain] o.h.e.t.j.p.i.JtaPlatformInitiator       : HHH000490: Using JtaPlatform implementation: [org.hibernate.engine.transaction.jta.platform.internal.NoJtaPlatform]
2023-02-04T11:01:03.478+05:30  INFO 9756 --- [restartedMain] j.LocalContainerEntityManagerFactoryBean : Initialized JPA EntityManagerFactory for persistence unit 'default'
2023-02-04T11:01:03.623+05:30  WARN 9756 --- [restartedMain] JpaBaseConfiguration$JpaWebConfiguration : spring.jpa.open-in-view is enabled by default. Therefore, database queries may be performed during view rendering. Explicitly configure spring.jpa.open-in-view to disable this warning
2023-02-04T11:01:04.028+05:30  INFO 9756 --- [restartedMain] o.s.b.d.a.OptionalLiveReloadServer       : LiveReload server is running on port 35729
2023-02-04T11:01:04.090+05:30  INFO 9756 --- [restartedMain] o.s.b.w.embedded.tomcat.TomcatWebServer  : Tomcat started on port(s): 8081 (http) with context path ''
2023-02-04T11:01:04.101+05:30  INFO 9756 --- [restartedMain] com.extended.AdminMockitoApplication     : Started AdminMockitoApplication in 5.596 seconds (process running for 7.882)
2023-02-04T11:01:39.289+05:30  INFO 9756 --- [http-nio-8081-exec-3] o.a.c.c.C.[Tomcat].[localhost].[/]       : Initializing Spring DispatcherServlet 'dispatcherServlet'
2023-02-04T11:01:39.289+05:30  INFO 9756 --- [http-nio-8081-exec-3] o.s.web.servlet.DispatcherServlet        : Initializing Servlet 'dispatcherServlet'
2023-02-04T11:01:39.291+05:30  INFO 9756 --- [http-nio-8081-exec-3] o.s.web.servlet.DispatcherServlet        : Completed initialization in 2 ms
2023-02-04T11:04:14.488+05:30  INFO 21784 --- [restartedMain] com.extended.AdminMockitoApplication     : Starting AdminMockitoApplication using Java 17.0.5 with PID 21784 (C:\Users\lilly\eclipse-extended-workspace\admin_mockito\target\classes started by lilly in C:\Users\lilly\eclipse-extended-workspace\admin_mockito)
2023-02-04T11:04:14.493+05:30  INFO 21784 --- [restartedMain] com.extended.AdminMockitoApplication     : No active profile set, falling back to 1 default profile: "default"
2023-02-04T11:04:14.562+05:30  INFO 21784 --- [restartedMain] .e.DevToolsPropertyDefaultsPostProcessor : Devtools property defaults active! Set 'spring.devtools.add-properties' to 'false' to disable
2023-02-04T11:04:14.563+05:30  INFO 21784 --- [restartedMain] .e.DevToolsPropertyDefaultsPostProcessor : For additional web related logging consider setting the 'logging.level.web' property to 'DEBUG'
2023-02-04T11:04:15.365+05:30  INFO 21784 --- [restartedMain] .s.d.r.c.RepositoryConfigurationDelegate : Bootstrapping Spring Data JPA repositories in DEFAULT mode.
2023-02-04T11:04:15.395+05:30  INFO 21784 --- [restartedMain] .s.d.r.c.RepositoryConfigurationDelegate : Finished Spring Data repository scanning in 15 ms. Found 0 JPA repository interfaces.
2023-02-04T11:04:16.058+05:30  INFO 21784 --- [restartedMain] o.s.b.w.embedded.tomcat.TomcatWebServer  : Tomcat initialized with port(s): 8081 (http)
2023-02-04T11:04:16.076+05:30  INFO 21784 --- [restartedMain] o.apache.catalina.core.StandardService   : Starting service [Tomcat]
2023-02-04T11:04:16.077+05:30  INFO 21784 --- [restartedMain] o.apache.catalina.core.StandardEngine    : Starting Servlet engine: [Apache Tomcat/10.1.5]
2023-02-04T11:04:16.160+05:30  INFO 21784 --- [restartedMain] o.a.c.c.C.[Tomcat].[localhost].[/]       : Initializing Spring embedded WebApplicationContext
2023-02-04T11:04:16.160+05:30  INFO 21784 --- [restartedMain] w.s.c.ServletWebServerApplicationContext : Root WebApplicationContext: initialization completed in 1596 ms
2023-02-04T11:04:16.336+05:30  INFO 21784 --- [restartedMain] o.hibernate.jpa.internal.util.LogHelper  : HHH000204: Processing PersistenceUnitInfo [name: default]
2023-02-04T11:04:16.402+05:30  INFO 21784 --- [restartedMain] org.hibernate.Version                    : HHH000412: Hibernate ORM core version 6.1.6.Final
2023-02-04T11:04:16.606+05:30  WARN 21784 --- [restartedMain] org.hibernate.orm.deprecation            : HHH90000021: Encountered deprecated setting [javax.persistence.sharedCache.mode], use [jakarta.persistence.sharedCache.mode] instead
2023-02-04T11:04:16.727+05:30  INFO 21784 --- [restartedMain] com.zaxxer.hikari.HikariDataSource       : HikariPool-1 - Starting...
2023-02-04T11:04:17.187+05:30  INFO 21784 --- [restartedMain] com.zaxxer.hikari.pool.HikariPool        : HikariPool-1 - Added connection com.mysql.cj.jdbc.ConnectionImpl@12f0c3a7
2023-02-04T11:04:17.193+05:30  INFO 21784 --- [restartedMain] com.zaxxer.hikari.HikariDataSource       : HikariPool-1 - Start completed.
2023-02-04T11:04:17.318+05:30  INFO 21784 --- [restartedMain] SQL dialect                              : HHH000400: Using dialect: org.hibernate.dialect.MySQLDialect
2023-02-04T11:04:17.708+05:30  INFO 21784 --- [restartedMain] o.h.e.t.j.p.i.JtaPlatformInitiator       : HHH000490: Using JtaPlatform implementation: [org.hibernate.engine.transaction.jta.platform.internal.NoJtaPlatform]
2023-02-04T11:04:17.725+05:30  INFO 21784 --- [restartedMain] j.LocalContainerEntityManagerFactoryBean : Initialized JPA EntityManagerFactory for persistence unit 'default'
2023-02-04T11:04:17.866+05:30  WARN 21784 --- [restartedMain] JpaBaseConfiguration$JpaWebConfiguration : spring.jpa.open-in-view is enabled by default. Therefore, database queries may be performed during view rendering. Explicitly configure spring.jpa.open-in-view to disable this warning
2023-02-04T11:04:18.366+05:30  INFO 21784 --- [restartedMain] o.s.b.d.a.OptionalLiveReloadServer       : LiveReload server is running on port 35729
2023-02-04T11:04:18.434+05:30  INFO 21784 --- [restartedMain] o.s.b.w.embedded.tomcat.TomcatWebServer  : Tomcat started on port(s): 8081 (http) with context path ''
2023-02-04T11:04:18.449+05:30  INFO 21784 --- [restartedMain] com.extended.AdminMockitoApplication     : Started AdminMockitoApplication in 4.48 seconds (process running for 5.709)
2023-02-04T11:04:40.568+05:30  INFO 21784 --- [http-nio-8081-exec-1] o.a.c.c.C.[Tomcat].[localhost].[/]       : Initializing Spring DispatcherServlet 'dispatcherServlet'
2023-02-04T11:04:40.569+05:30  INFO 21784 --- [http-nio-8081-exec-1] o.s.web.servlet.DispatcherServlet        : Initializing Servlet 'dispatcherServlet'
2023-02-04T11:04:40.574+05:30  INFO 21784 --- [http-nio-8081-exec-1] o.s.web.servlet.DispatcherServlet        : Completed initialization in 4 ms
2023-02-04T11:07:12.307+05:30  INFO 21784 --- [RMI TCP Connection(7)-127.0.0.1] inMXBeanRegistrar$SpringApplicationAdmin : Application shutdown requested.
2023-02-04T11:07:12.337+05:30  INFO 21784 --- [RMI TCP Connection(7)-127.0.0.1] o.apache.catalina.core.StandardService   : Stopping service [Tomcat]
2023-02-04T11:07:12.340+05:30  INFO 21784 --- [RMI TCP Connection(7)-127.0.0.1] o.a.c.c.C.[Tomcat].[localhost].[/]       : Destroying Spring FrameworkServlet 'dispatcherServlet'
2023-02-04T11:07:12.352+05:30  INFO 21784 --- [RMI TCP Connection(7)-127.0.0.1] j.LocalContainerEntityManagerFactoryBean : Closing JPA EntityManagerFactory for persistence unit 'default'
2023-02-04T11:07:12.358+05:30  INFO 21784 --- [RMI TCP Connection(7)-127.0.0.1] com.zaxxer.hikari.HikariDataSource       : HikariPool-1 - Shutdown initiated...
2023-02-04T11:07:12.368+05:30  INFO 21784 --- [RMI TCP Connection(7)-127.0.0.1] com.zaxxer.hikari.HikariDataSource       : HikariPool-1 - Shutdown completed.
2023-02-04T11:07:15.034+05:30  INFO 30276 --- [restartedMain] com.extended.AdminMockitoApplication     : Starting AdminMockitoApplication using Java 17.0.5 with PID 30276 (C:\Users\lilly\eclipse-extended-workspace\admin_mockito\target\classes started by lilly in C:\Users\lilly\eclipse-extended-workspace\admin_mockito)
2023-02-04T11:07:15.037+05:30  INFO 30276 --- [restartedMain] com.extended.AdminMockitoApplication     : No active profile set, falling back to 1 default profile: "default"
2023-02-04T11:07:15.090+05:30  INFO 30276 --- [restartedMain] .e.DevToolsPropertyDefaultsPostProcessor : Devtools property defaults active! Set 'spring.devtools.add-properties' to 'false' to disable
2023-02-04T11:07:15.090+05:30  INFO 30276 --- [restartedMain] .e.DevToolsPropertyDefaultsPostProcessor : For additional web related logging consider setting the 'logging.level.web' property to 'DEBUG'
2023-02-04T11:07:15.803+05:30  INFO 30276 --- [restartedMain] .s.d.r.c.RepositoryConfigurationDelegate : Bootstrapping Spring Data JPA repositories in DEFAULT mode.
2023-02-04T11:07:15.833+05:30  INFO 30276 --- [restartedMain] .s.d.r.c.RepositoryConfigurationDelegate : Finished Spring Data repository scanning in 21 ms. Found 0 JPA repository interfaces.
2023-02-04T11:07:16.453+05:30  INFO 30276 --- [restartedMain] o.s.b.w.embedded.tomcat.TomcatWebServer  : Tomcat initialized with port(s): 8081 (http)
2023-02-04T11:07:16.463+05:30  INFO 30276 --- [restartedMain] o.apache.catalina.core.StandardService   : Starting service [Tomcat]
2023-02-04T11:07:16.464+05:30  INFO 30276 --- [restartedMain] o.apache.catalina.core.StandardEngine    : Starting Servlet engine: [Apache Tomcat/10.1.5]
2023-02-04T11:07:16.532+05:30  INFO 30276 --- [restartedMain] o.a.c.c.C.[Tomcat].[localhost].[/]       : Initializing Spring embedded WebApplicationContext
2023-02-04T11:07:16.532+05:30  INFO 30276 --- [restartedMain] w.s.c.ServletWebServerApplicationContext : Root WebApplicationContext: initialization completed in 1441 ms
2023-02-04T11:07:16.689+05:30  INFO 30276 --- [restartedMain] o.hibernate.jpa.internal.util.LogHelper  : HHH000204: Processing PersistenceUnitInfo [name: default]
2023-02-04T11:07:16.742+05:30  INFO 30276 --- [restartedMain] org.hibernate.Version                    : HHH000412: Hibernate ORM core version 6.1.6.Final
2023-02-04T11:07:16.899+05:30  WARN 30276 --- [restartedMain] org.hibernate.orm.deprecation            : HHH90000021: Encountered deprecated setting [javax.persistence.sharedCache.mode], use [jakarta.persistence.sharedCache.mode] instead
2023-02-04T11:07:17.006+05:30  INFO 30276 --- [restartedMain] com.zaxxer.hikari.HikariDataSource       : HikariPool-1 - Starting...
2023-02-04T11:07:17.423+05:30  INFO 30276 --- [restartedMain] com.zaxxer.hikari.pool.HikariPool        : HikariPool-1 - Added connection com.mysql.cj.jdbc.ConnectionImpl@28905199
2023-02-04T11:07:17.428+05:30  INFO 30276 --- [restartedMain] com.zaxxer.hikari.HikariDataSource       : HikariPool-1 - Start completed.
2023-02-04T11:07:17.530+05:30  INFO 30276 --- [restartedMain] SQL dialect                              : HHH000400: Using dialect: org.hibernate.dialect.MySQLDialect
2023-02-04T11:07:17.867+05:30  INFO 30276 --- [restartedMain] o.h.e.t.j.p.i.JtaPlatformInitiator       : HHH000490: Using JtaPlatform implementation: [org.hibernate.engine.transaction.jta.platform.internal.NoJtaPlatform]
2023-02-04T11:07:17.884+05:30  INFO 30276 --- [restartedMain] j.LocalContainerEntityManagerFactoryBean : Initialized JPA EntityManagerFactory for persistence unit 'default'
2023-02-04T11:07:18.028+05:30  WARN 30276 --- [restartedMain] JpaBaseConfiguration$JpaWebConfiguration : spring.jpa.open-in-view is enabled by default. Therefore, database queries may be performed during view rendering. Explicitly configure spring.jpa.open-in-view to disable this warning
2023-02-04T11:07:18.656+05:30  INFO 30276 --- [restartedMain] o.s.b.d.a.OptionalLiveReloadServer       : LiveReload server is running on port 35729
2023-02-04T11:07:18.734+05:30  INFO 30276 --- [restartedMain] o.s.b.w.embedded.tomcat.TomcatWebServer  : Tomcat started on port(s): 8081 (http) with context path ''
2023-02-04T11:07:18.757+05:30  INFO 30276 --- [restartedMain] com.extended.AdminMockitoApplication     : Started AdminMockitoApplication in 4.112 seconds (process running for 5.293)
2023-02-04T11:07:24.217+05:30  INFO 30276 --- [http-nio-8081-exec-1] o.a.c.c.C.[Tomcat].[localhost].[/]       : Initializing Spring DispatcherServlet 'dispatcherServlet'
2023-02-04T11:07:24.218+05:30  INFO 30276 --- [http-nio-8081-exec-1] o.s.web.servlet.DispatcherServlet        : Initializing Servlet 'dispatcherServlet'
2023-02-04T11:07:24.221+05:30  INFO 30276 --- [http-nio-8081-exec-1] o.s.web.servlet.DispatcherServlet        : Completed initialization in 2 ms
2023-02-04T11:09:31.275+05:30  INFO 30276 --- [RMI TCP Connection(5)-127.0.0.1] inMXBeanRegistrar$SpringApplicationAdmin : Application shutdown requested.
2023-02-04T11:09:31.293+05:30  INFO 30276 --- [RMI TCP Connection(5)-127.0.0.1] o.apache.catalina.core.StandardService   : Stopping service [Tomcat]
2023-02-04T11:09:31.298+05:30  INFO 30276 --- [RMI TCP Connection(5)-127.0.0.1] o.a.c.c.C.[Tomcat].[localhost].[/]       : Destroying Spring FrameworkServlet 'dispatcherServlet'
2023-02-04T11:09:31.310+05:30  INFO 30276 --- [RMI TCP Connection(5)-127.0.0.1] j.LocalContainerEntityManagerFactoryBean : Closing JPA EntityManagerFactory for persistence unit 'default'
2023-02-04T11:09:31.314+05:30  INFO 30276 --- [RMI TCP Connection(5)-127.0.0.1] com.zaxxer.hikari.HikariDataSource       : HikariPool-1 - Shutdown initiated...
2023-02-04T11:09:31.325+05:30  INFO 30276 --- [RMI TCP Connection(5)-127.0.0.1] com.zaxxer.hikari.HikariDataSource       : HikariPool-1 - Shutdown completed.
2023-02-04T11:09:33.803+05:30  INFO 13784 --- [restartedMain] com.extended.AdminMockitoApplication     : Starting AdminMockitoApplication using Java 17.0.5 with PID 13784 (C:\Users\lilly\eclipse-extended-workspace\admin_mockito\target\classes started by lilly in C:\Users\lilly\eclipse-extended-workspace\admin_mockito)
2023-02-04T11:09:33.806+05:30  INFO 13784 --- [restartedMain] com.extended.AdminMockitoApplication     : No active profile set, falling back to 1 default profile: "default"
2023-02-04T11:09:33.860+05:30  INFO 13784 --- [restartedMain] .e.DevToolsPropertyDefaultsPostProcessor : Devtools property defaults active! Set 'spring.devtools.add-properties' to 'false' to disable
2023-02-04T11:09:33.860+05:30  INFO 13784 --- [restartedMain] .e.DevToolsPropertyDefaultsPostProcessor : For additional web related logging consider setting the 'logging.level.web' property to 'DEBUG'
2023-02-04T11:09:34.572+05:30  INFO 13784 --- [restartedMain] .s.d.r.c.RepositoryConfigurationDelegate : Bootstrapping Spring Data JPA repositories in DEFAULT mode.
2023-02-04T11:09:34.607+05:30  INFO 13784 --- [restartedMain] .s.d.r.c.RepositoryConfigurationDelegate : Finished Spring Data repository scanning in 23 ms. Found 0 JPA repository interfaces.
2023-02-04T11:09:35.288+05:30  INFO 13784 --- [restartedMain] o.s.b.w.embedded.tomcat.TomcatWebServer  : Tomcat initialized with port(s): 8081 (http)
2023-02-04T11:09:35.302+05:30  INFO 13784 --- [restartedMain] o.apache.catalina.core.StandardService   : Starting service [Tomcat]
2023-02-04T11:09:35.302+05:30  INFO 13784 --- [restartedMain] o.apache.catalina.core.StandardEngine    : Starting Servlet engine: [Apache Tomcat/10.1.5]
2023-02-04T11:09:35.375+05:30  INFO 13784 --- [restartedMain] o.a.c.c.C.[Tomcat].[localhost].[/]       : Initializing Spring embedded WebApplicationContext
2023-02-04T11:09:35.375+05:30  INFO 13784 --- [restartedMain] w.s.c.ServletWebServerApplicationContext : Root WebApplicationContext: initialization completed in 1514 ms
2023-02-04T11:09:35.542+05:30  INFO 13784 --- [restartedMain] o.hibernate.jpa.internal.util.LogHelper  : HHH000204: Processing PersistenceUnitInfo [name: default]
2023-02-04T11:09:35.626+05:30  INFO 13784 --- [restartedMain] org.hibernate.Version                    : HHH000412: Hibernate ORM core version 6.1.6.Final
2023-02-04T11:09:35.943+05:30  WARN 13784 --- [restartedMain] org.hibernate.orm.deprecation            : HHH90000021: Encountered deprecated setting [javax.persistence.sharedCache.mode], use [jakarta.persistence.sharedCache.mode] instead
2023-02-04T11:09:36.124+05:30  INFO 13784 --- [restartedMain] com.zaxxer.hikari.HikariDataSource       : HikariPool-1 - Starting...
2023-02-04T11:09:36.595+05:30  INFO 13784 --- [restartedMain] com.zaxxer.hikari.pool.HikariPool        : HikariPool-1 - Added connection com.mysql.cj.jdbc.ConnectionImpl@2b8cbf60
2023-02-04T11:09:36.601+05:30  INFO 13784 --- [restartedMain] com.zaxxer.hikari.HikariDataSource       : HikariPool-1 - Start completed.
2023-02-04T11:09:36.751+05:30  INFO 13784 --- [restartedMain] SQL dialect                              : HHH000400: Using dialect: org.hibernate.dialect.MySQLDialect
2023-02-04T11:09:37.207+05:30  INFO 13784 --- [restartedMain] o.h.e.t.j.p.i.JtaPlatformInitiator       : HHH000490: Using JtaPlatform implementation: [org.hibernate.engine.transaction.jta.platform.internal.NoJtaPlatform]
2023-02-04T11:09:37.223+05:30  INFO 13784 --- [restartedMain] j.LocalContainerEntityManagerFactoryBean : Initialized JPA EntityManagerFactory for persistence unit 'default'
2023-02-04T11:09:37.370+05:30  WARN 13784 --- [restartedMain] JpaBaseConfiguration$JpaWebConfiguration : spring.jpa.open-in-view is enabled by default. Therefore, database queries may be performed during view rendering. Explicitly configure spring.jpa.open-in-view to disable this warning
2023-02-04T11:09:37.854+05:30  INFO 13784 --- [restartedMain] o.s.b.d.a.OptionalLiveReloadServer       : LiveReload server is running on port 35729
2023-02-04T11:09:37.902+05:30  INFO 13784 --- [restartedMain] o.s.b.w.embedded.tomcat.TomcatWebServer  : Tomcat started on port(s): 8081 (http) with context path ''
2023-02-04T11:09:37.912+05:30  INFO 13784 --- [restartedMain] com.extended.AdminMockitoApplication     : Started AdminMockitoApplication in 4.515 seconds (process running for 5.583)
2023-02-04T11:09:48.915+05:30  INFO 13784 --- [http-nio-8081-exec-1] o.a.c.c.C.[Tomcat].[localhost].[/]       : Initializing Spring DispatcherServlet 'dispatcherServlet'
2023-02-04T11:09:48.915+05:30  INFO 13784 --- [http-nio-8081-exec-1] o.s.web.servlet.DispatcherServlet        : Initializing Servlet 'dispatcherServlet'
2023-02-04T11:09:48.918+05:30  INFO 13784 --- [http-nio-8081-exec-1] o.s.web.servlet.DispatcherServlet        : Completed initialization in 2 ms
2023-02-04T11:11:03.537+05:30  INFO 13784 --- [RMI TCP Connection(4)-127.0.0.1] inMXBeanRegistrar$SpringApplicationAdmin : Application shutdown requested.
2023-02-04T11:11:03.561+05:30  INFO 13784 --- [RMI TCP Connection(4)-127.0.0.1] o.apache.catalina.core.StandardService   : Stopping service [Tomcat]
2023-02-04T11:11:03.563+05:30  INFO 13784 --- [RMI TCP Connection(4)-127.0.0.1] o.a.c.c.C.[Tomcat].[localhost].[/]       : Destroying Spring FrameworkServlet 'dispatcherServlet'
2023-02-04T11:11:03.577+05:30  INFO 13784 --- [RMI TCP Connection(4)-127.0.0.1] j.LocalContainerEntityManagerFactoryBean : Closing JPA EntityManagerFactory for persistence unit 'default'
2023-02-04T11:11:03.583+05:30  INFO 13784 --- [RMI TCP Connection(4)-127.0.0.1] com.zaxxer.hikari.HikariDataSource       : HikariPool-1 - Shutdown initiated...
2023-02-04T11:11:03.595+05:30  INFO 13784 --- [RMI TCP Connection(4)-127.0.0.1] com.zaxxer.hikari.HikariDataSource       : HikariPool-1 - Shutdown completed.
2023-02-04T11:11:12.762+05:30  INFO 27476 --- [restartedMain] com.extended.AdminMockitoApplication     : Starting AdminMockitoApplication using Java 17.0.5 with PID 27476 (C:\Users\lilly\eclipse-extended-workspace\admin_mockito\target\classes started by lilly in C:\Users\lilly\eclipse-extended-workspace\admin_mockito)
2023-02-04T11:11:12.765+05:30  INFO 27476 --- [restartedMain] com.extended.AdminMockitoApplication     : No active profile set, falling back to 1 default profile: "default"
2023-02-04T11:11:12.821+05:30  INFO 27476 --- [restartedMain] .e.DevToolsPropertyDefaultsPostProcessor : Devtools property defaults active! Set 'spring.devtools.add-properties' to 'false' to disable
2023-02-04T11:11:12.822+05:30  INFO 27476 --- [restartedMain] .e.DevToolsPropertyDefaultsPostProcessor : For additional web related logging consider setting the 'logging.level.web' property to 'DEBUG'
2023-02-04T11:11:13.539+05:30  INFO 27476 --- [restartedMain] .s.d.r.c.RepositoryConfigurationDelegate : Bootstrapping Spring Data JPA repositories in DEFAULT mode.
2023-02-04T11:11:13.568+05:30  INFO 27476 --- [restartedMain] .s.d.r.c.RepositoryConfigurationDelegate : Finished Spring Data repository scanning in 18 ms. Found 0 JPA repository interfaces.
2023-02-04T11:11:14.158+05:30  INFO 27476 --- [restartedMain] o.s.b.w.embedded.tomcat.TomcatWebServer  : Tomcat initialized with port(s): 8081 (http)
2023-02-04T11:11:14.173+05:30  INFO 27476 --- [restartedMain] o.apache.catalina.core.StandardService   : Starting service [Tomcat]
2023-02-04T11:11:14.174+05:30  INFO 27476 --- [restartedMain] o.apache.catalina.core.StandardEngine    : Starting Servlet engine: [Apache Tomcat/10.1.5]
2023-02-04T11:11:14.253+05:30  INFO 27476 --- [restartedMain] o.a.c.c.C.[Tomcat].[localhost].[/]       : Initializing Spring embedded WebApplicationContext
2023-02-04T11:11:14.254+05:30  INFO 27476 --- [restartedMain] w.s.c.ServletWebServerApplicationContext : Root WebApplicationContext: initialization completed in 1431 ms
2023-02-04T11:11:14.417+05:30  INFO 27476 --- [restartedMain] o.hibernate.jpa.internal.util.LogHelper  : HHH000204: Processing PersistenceUnitInfo [name: default]
2023-02-04T11:11:14.502+05:30  INFO 27476 --- [restartedMain] org.hibernate.Version                    : HHH000412: Hibernate ORM core version 6.1.6.Final
2023-02-04T11:11:14.708+05:30  WARN 27476 --- [restartedMain] org.hibernate.orm.deprecation            : HHH90000021: Encountered deprecated setting [javax.persistence.sharedCache.mode], use [jakarta.persistence.sharedCache.mode] instead
2023-02-04T11:11:14.874+05:30  INFO 27476 --- [restartedMain] com.zaxxer.hikari.HikariDataSource       : HikariPool-1 - Starting...
2023-02-04T11:11:15.220+05:30  INFO 27476 --- [restartedMain] com.zaxxer.hikari.pool.HikariPool        : HikariPool-1 - Added connection com.mysql.cj.jdbc.ConnectionImpl@204a132a
2023-02-04T11:11:15.223+05:30  INFO 27476 --- [restartedMain] com.zaxxer.hikari.HikariDataSource       : HikariPool-1 - Start completed.
2023-02-04T11:11:15.313+05:30  INFO 27476 --- [restartedMain] SQL dialect                              : HHH000400: Using dialect: org.hibernate.dialect.MySQLDialect
2023-02-04T11:11:15.814+05:30  INFO 27476 --- [restartedMain] o.h.e.t.j.p.i.JtaPlatformInitiator       : HHH000490: Using JtaPlatform implementation: [org.hibernate.engine.transaction.jta.platform.internal.NoJtaPlatform]
2023-02-04T11:11:15.841+05:30  INFO 27476 --- [restartedMain] j.LocalContainerEntityManagerFactoryBean : Initialized JPA EntityManagerFactory for persistence unit 'default'
2023-02-04T11:11:16.022+05:30  WARN 27476 --- [restartedMain] JpaBaseConfiguration$JpaWebConfiguration : spring.jpa.open-in-view is enabled by default. Therefore, database queries may be performed during view rendering. Explicitly configure spring.jpa.open-in-view to disable this warning
2023-02-04T11:11:16.695+05:30  INFO 27476 --- [restartedMain] o.s.b.d.a.OptionalLiveReloadServer       : LiveReload server is running on port 35729
2023-02-04T11:11:16.763+05:30  INFO 27476 --- [restartedMain] o.s.b.w.embedded.tomcat.TomcatWebServer  : Tomcat started on port(s): 8081 (http) with context path ''
2023-02-04T11:11:16.780+05:30  INFO 27476 --- [restartedMain] com.extended.AdminMockitoApplication     : Started AdminMockitoApplication in 4.431 seconds (process running for 5.58)
2023-02-04T11:11:20.833+05:30  INFO 27476 --- [http-nio-8081-exec-2] o.a.c.c.C.[Tomcat].[localhost].[/]       : Initializing Spring DispatcherServlet 'dispatcherServlet'
2023-02-04T11:11:20.834+05:30  INFO 27476 --- [http-nio-8081-exec-2] o.s.web.servlet.DispatcherServlet        : Initializing Servlet 'dispatcherServlet'
2023-02-04T11:11:20.835+05:30  INFO 27476 --- [http-nio-8081-exec-2] o.s.web.servlet.DispatcherServlet        : Completed initialization in 1 ms
2023-02-04T11:18:35.322+05:30  INFO 27476 --- [RMI TCP Connection(11)-127.0.0.1] inMXBeanRegistrar$SpringApplicationAdmin : Application shutdown requested.
2023-02-04T11:18:35.343+05:30  INFO 27476 --- [RMI TCP Connection(11)-127.0.0.1] o.apache.catalina.core.StandardService   : Stopping service [Tomcat]
2023-02-04T11:18:35.346+05:30  INFO 27476 --- [RMI TCP Connection(11)-127.0.0.1] o.a.c.c.C.[Tomcat].[localhost].[/]       : Destroying Spring FrameworkServlet 'dispatcherServlet'
2023-02-04T11:18:35.357+05:30  INFO 27476 --- [RMI TCP Connection(11)-127.0.0.1] j.LocalContainerEntityManagerFactoryBean : Closing JPA EntityManagerFactory for persistence unit 'default'
2023-02-04T11:18:35.361+05:30  INFO 27476 --- [RMI TCP Connection(11)-127.0.0.1] com.zaxxer.hikari.HikariDataSource       : HikariPool-1 - Shutdown initiated...
2023-02-04T11:18:35.373+05:30  INFO 27476 --- [RMI TCP Connection(11)-127.0.0.1] com.zaxxer.hikari.HikariDataSource       : HikariPool-1 - Shutdown completed.
